<?xml version="1.0" encoding="UTF-8"?>
<testsuite name="testsForFarm" tests="1" skipped="0" failures="0" errors="0" timestamp="2022-04-01T19:09:57" hostname="shauns-MacBook-Air.local" time="0.008">
  <properties/>
  <testcase name="test" classname="testsForFarm" time="0.008"/>
  <system-out><![CDATA[]]></system-out>
  <system-err><![CDATA[]]></system-err>
</testsuite>
